(venv) marin@marin:~/Desktop/diplomski/constellano$ opencv_traincascade -data final_samples/ -vec positives.vec -bg negatives.txt -numPos 1000 -numNeg 2000 -numStages 20 -width 24 -height 24 -mode ALL -bt DAB -minHitRate 0.995 -maxFalseAlarmRate 0.5 -maxWeakCount 100 -maxDepth 1 -precalcValBufSize 1024 --precalcIdxBufSize 1024
PARAMETERS:
cascadeDirName: final_samples/
vecFileName: positives.vec
bgFileName: negatives.txt
numPos: 1000
numNeg: 2000
numStages: 20
precalcValBufSize[Mb] : 1024
precalcIdxBufSize[Mb] : 1024
acceptanceRatioBreakValue : -1
stageType: BOOST
featureType: HAAR
sampleWidth: 24
sampleHeight: 24
boostType: DAB
minHitRate: 0.995
maxFalseAlarmRate: 0.5
weightTrimRate: 0.95
maxDepth: 1
maxWeakCount: 100
mode: ALL
Number of unique features given windowSize [24,24] : 261600

===== TRAINING 0-stage =====
<BEGIN
POS count : consumed   1000 : 1000
NEG count : acceptanceRatio    2000 : 1
Precalculation time: 33
+----+---------+---------+
|  N |    HR   |    FA   |
+----+---------+---------+
|   1|    0.999|        0|
+----+---------+---------+
END>
Training until now has taken 0 days 0 hours 0 minutes 59 seconds.

===== TRAINING 1-stage =====
<BEGIN
POS count : consumed   1000 : 1001
NEG count : acceptanceRatio    2000 : 0.0667847
Precalculation time: 53
+----+---------+---------+
|  N |    HR   |    FA   |
+----+---------+---------+
|   1|        1|        0|
+----+---------+---------+
END>
Training until now has taken 0 days 0 hours 2 minutes 33 seconds.

===== TRAINING 2-stage =====
<BEGIN
POS count : consumed   1000 : 1001
NEG count : acceptanceRatio    2000 : 0.00136109
Precalculation time: 48
+----+---------+---------+
|  N |    HR   |    FA   |
+----+---------+---------+
|   1|        1|    0.001|
+----+---------+---------+
END>
Training until now has taken 0 days 0 hours 4 minutes 10 seconds.

===== TRAINING 3-stage =====
<BEGIN
POS count : consumed   1000 : 1001
NEG count : acceptanceRatio    2000 : 5.776e-06
Precalculation time: 47
+----+---------+---------+
|  N |    HR   |    FA   |
+----+---------+---------+
|   1|        1|   0.0015|
+----+---------+---------+
END>
Training until now has taken 0 days 0 hours 36 minutes 14 seconds.

===== TRAINING 4-stage =====
<BEGIN
POS count : consumed   1000 : 1001
NEG count : acceptanceRatio    0 : 0
Required leaf false alarm rate achieved. Branch training terminated.
