(venv) marin@marin:~/Desktop/diplomski/constellano$ opencv_traincascade -data final_samples/ -vec positives.vec -bg negatives.txt -numPos 1200 -numNeg 3000 -numStages 20 -width 24 -height 24 -mode ALL -bt DAB -minHitRate 0.995 -maxFalseAlarmRate 0.5 -maxWeakCount 100 -maxDepth 1 -precalcValBufSize 1024 --precalcIdxBufSize 1024
PARAMETERS:
cascadeDirName: final_samples/
vecFileName: positives.vec
bgFileName: negatives.txt
numPos: 1200
numNeg: 3000
numStages: 20
precalcValBufSize[Mb] : 1024
precalcIdxBufSize[Mb] : 1024
acceptanceRatioBreakValue : -1
stageType: BOOST
featureType: HAAR
sampleWidth: 24
sampleHeight: 24
boostType: DAB
minHitRate: 0.995
maxFalseAlarmRate: 0.5
weightTrimRate: 0.95
maxDepth: 1
maxWeakCount: 100
mode: ALL
Number of unique features given windowSize [24,24] : 261600

===== TRAINING 0-stage =====
<BEGIN
POS count : consumed   1200 : 1200
NEG count : acceptanceRatio    3000 : 1
Precalculation time: 25
+----+---------+---------+
|  N |    HR   |    FA   |
+----+---------+---------+
|   1|        1|0.000666667|
+----+---------+---------+
END>
Training until now has taken 0 days 0 hours 1 minutes 4 seconds.

===== TRAINING 1-stage =====
<BEGIN
POS count : consumed   1200 : 1200
NEG count : acceptanceRatio    3000 : 0.0134152
Precalculation time: 49
+----+---------+---------+
|  N |    HR   |    FA   |
+----+---------+---------+
|   1|        1|        1|
+----+---------+---------+
|   2|        1|    0.004|
+----+---------+---------+
END>
Training until now has taken 0 days 0 hours 4 minutes 2 seconds.

===== TRAINING 2-stage =====
<BEGIN
POS count : consumed   1200 : 1200
NEG count : acceptanceRatio    3000 : 6.62071e-05
Precalculation time: 45
+----+---------+---------+
|  N |    HR   |    FA   |
+----+---------+---------+
|   1|        1|        1|
+----+---------+---------+
|   2| 0.999167|0.0573333|
+----+---------+---------+
END>
Training until now has taken 0 days 0 hours 10 minutes 48 seconds.

===== TRAINING 3-stage =====
<BEGIN
POS count : consumed   1200 : 1201
NEG count : acceptanceRatio    3000 : 3.34208e-06
Precalculation time: 48
+----+---------+---------+
|  N |    HR   |    FA   |
+----+---------+---------+
|   1|        1|        1|
+----+---------+---------+
|   2| 0.999167|0.0713333|
+----+---------+---------+
END>
Training until now has taken 0 days 1 hours 25 minutes 39 seconds.

===== TRAINING 4-stage =====
<BEGIN
POS count : consumed   1200 : 1202
NEG count : acceptanceRatio    0 : 0
Required leaf false alarm rate achieved. Branch training terminated.

