(venv) marin@marin:~/Desktop/diplomski/constellano$ opencv_traincascade -data final_samples/ -vec positives.vec -bg negatives.txt -numPos 1200 -numNeg 2000 -numStages 20 -width 24 -height 24 -mode ALL -bt DAB -minHitRate 0.995 -maxFalseAlarmRate 0.5 -maxWeakCount 100 -maxDepth 1 -precalcValBufSize 1024 --precalcIdxBufSize 1024
PARAMETERS:
cascadeDirName: final_samples/
vecFileName: positives.vec
bgFileName: negatives.txt
numPos: 1200
numNeg: 2000
numStages: 20
precalcValBufSize[Mb] : 1024
precalcIdxBufSize[Mb] : 1024
acceptanceRatioBreakValue : -1
stageType: BOOST
featureType: HAAR
sampleWidth: 24
sampleHeight: 24
boostType: DAB
minHitRate: 0.995
maxFalseAlarmRate: 0.5
weightTrimRate: 0.95
maxDepth: 1
maxWeakCount: 100
mode: ALL
Number of unique features given windowSize [24,24] : 261600

===== TRAINING 0-stage =====
<BEGIN
POS count : consumed   1200 : 1200
NEG count : acceptanceRatio    2000 : 1
Precalculation time: 27
+----+---------+---------+
|  N |    HR   |    FA   |
+----+---------+---------+
|   1|        1|   0.0005|
+----+---------+---------+
END>
Training until now has taken 0 days 0 hours 0 minutes 54 seconds.

===== TRAINING 1-stage =====
<BEGIN
POS count : consumed   1200 : 1200
NEG count : acceptanceRatio    2000 : 0.00581982
Precalculation time: 50
+----+---------+---------+
|  N |    HR   |    FA   |
+----+---------+---------+
|   1|        1|    0.002|
+----+---------+---------+
END>
Training until now has taken 0 days 0 hours 2 minutes 32 seconds.

===== TRAINING 2-stage =====
<BEGIN
POS count : consumed   1200 : 1200
NEG count : acceptanceRatio    2000 : 2.20981e-05
Precalculation time: 45
+----+---------+---------+
|  N |    HR   |    FA   |
+----+---------+---------+
|   1|        1|        1|
+----+---------+---------+
|   2|        1|     0.02|
+----+---------+---------+
END>
Training until now has taken 0 days 0 hours 12 minutes 3 seconds.

===== TRAINING 3-stage =====
<BEGIN
POS count : consumed   1200 : 1200
NEG count : acceptanceRatio    3 : 7.15256e-07
Required leaf false alarm rate achieved. Branch training terminated.

